-------------------------------------------------------------------------------
Test set: com.mycompany.javaproject.JavaProjectTest
-------------------------------------------------------------------------------
Tests run: 11, Failures: 1, Errors: 0, Skipped: 0, Time elapsed: 0.117 s <<< FAILURE! -- in com.mycompany.javaproject.JavaProjectTest
com.mycompany.javaproject.JavaProjectTest.testRegisterUser -- Time elapsed: 0.008 s <<< FAILURE!
org.opentest4j.AssertionFailedError: 
expected: <Username successfully captured.
Password successfully captured.
Cell number successfully captured.
> but was: <Username successfully captured.
Password successfully captured.
Cell phone number successfully added.
>
	at org.junit.jupiter.api.AssertionFailureBuilder.build(AssertionFailureBuilder.java:151)
	at org.junit.jupiter.api.AssertionFailureBuilder.buildAndThrow(AssertionFailureBuilder.java:132)
	at org.junit.jupiter.api.AssertEquals.failNotEqual(AssertEquals.java:197)
	at org.junit.jupiter.api.AssertEquals.assertEquals(AssertEquals.java:182)
	at org.junit.jupiter.api.AssertEquals.assertEquals(AssertEquals.java:177)
	at org.junit.jupiter.api.Assertions.assertEquals(Assertions.java:1145)
	at com.mycompany.javaproject.JavaProjectTest.testRegisterUser(JavaProjectTest.java:74)
	at java.base/java.lang.reflect.Method.invoke(Method.java:580)
	at java.base/java.util.ArrayList.forEach(ArrayList.java:1596)
	at java.base/java.util.ArrayList.forEach(ArrayList.java:1596)

